<?xml version="1.0" encoding="UTF-8"?>
<testsuite xmlns:xsi="http://www.w3.org/2001/XMLSchema-instance" xsi:noNamespaceSchemaLocation="https://maven.apache.org/surefire/maven-surefire-plugin/xsd/surefire-test-report-3.0.xsd" version="3.0" name="com.fyp.wspapi.controller.WSPControllerIntegrationTest" time="2.41" tests="11" errors="1" skipped="0" failures="1">
  <properties>
[...]
</properties>
  <testcase name="testSolveWSP_NoSolution" classname="com.fyp.wspapi.controller.WSPControllerIntegrationTest" time="0.556">
    <error message="Handler dispatch failed: java.lang.UnsatisfiedLinkError: &apos;long com.google.ortools.util.mainJNI.new_Domain__SWIG_2(long, long)&apos;" type="jakarta.servlet.ServletException"><![CDATA[jakarta.servlet.ServletException: Handler dispatch failed: java.lang.UnsatisfiedLinkError: 'long com.google.ortools.util.mainJNI.new_Domain__SWIG_2(long, long)'
	at org.springframework.web.servlet.DispatcherServlet.doDispatch(DispatcherServlet.java:1104)
	at org.springframework.web.servlet.DispatcherServlet.doService(DispatcherServlet.java:979)
	at org.springframework.web.servlet.FrameworkServlet.processRequest(FrameworkServlet.java:1014)
	at org.springframework.web.servlet.FrameworkServlet.doPost(FrameworkServlet.java:914)
	at jakarta.servlet.http.HttpServlet.service(HttpServlet.java:590)
	at org.springframework.web.servlet.FrameworkServlet.service(FrameworkServlet.java:885)
	at org.springframework.test.web.servlet.TestDispatcherServlet.service(TestDispatcherServlet.java:72)
	at jakarta.servlet.http.HttpServlet.service(HttpServlet.java:658)
	at org.springframework.mock.web.MockFilterChain$ServletFilterProxy.doFilter(MockFilterChain.java:165)
	at org.springframework.mock.web.MockFilterChain.doFilter(MockFilterChain.java:132)
	at org.springframework.web.filter.RequestContextFilter.doFilterInternal(RequestContextFilter.java:100)
	at org.springframework.web.filter.OncePerRequestFilter.doFilter(OncePerRequestFilter.java:116)
	at org.springframework.test.web.servlet.setup.MockMvcFilterDecorator.doFilter(MockMvcFilterDecorator.java:151)
	at org.springframework.mock.web.MockFilterChain.doFilter(MockFilterChain.java:132)
	at org.springframework.web.filter.FormContentFilter.doFilterInternal(FormContentFilter.java:93)
	at org.springframework.web.filter.OncePerRequestFilter.doFilter(OncePerRequestFilter.java:116)
	at org.springframework.test.web.servlet.setup.MockMvcFilterDecorator.doFilter(MockMvcFilterDecorator.java:151)
	at org.springframework.mock.web.MockFilterChain.doFilter(MockFilterChain.java:132)
	at org.springframework.web.filter.CharacterEncodingFilter.doFilterInternal(CharacterEncodingFilter.java:201)
	at org.springframework.web.filter.OncePerRequestFilter.doFilter(OncePerRequestFilter.java:116)
	at org.springframework.test.web.servlet.setup.MockMvcFilterDecorator.doFilter(MockMvcFilterDecorator.java:151)
	at org.springframework.mock.web.MockFilterChain.doFilter(MockFilterChain.java:132)
	at org.springframework.test.web.servlet.MockMvc.perform(MockMvc.java:201)
	at com.fyp.wspapi.controller.WSPControllerIntegrationTest.testSolveWSP_NoSolution(WSPControllerIntegrationTest.java:129)
	at java.base/java.lang.reflect.Method.invoke(Method.java:580)
	at java.base/java.util.ArrayList.forEach(ArrayList.java:1596)
	at java.base/java.util.ArrayList.forEach(ArrayList.java:1596)
Caused by: java.lang.UnsatisfiedLinkError: 'long com.google.ortools.util.mainJNI.new_Domain__SWIG_2(long, long)'
	at com.google.ortools.util.mainJNI.new_Domain__SWIG_2(Native Method)
	at com.google.ortools.util.Domain.<init>(Domain.java:80)
	at com.google.ortools.sat.CpModel.newBoolVar(CpModel.java:89)
	at WSP.WSPSATEncoder.encodeAndSolve(WSPSATEncoder.java:75)
	at com.fyp.wspapi.service.WSPService.solveWithSAT(WSPService.java:60)
	at com.fyp.wspapi.service.WSPService.solveWSP(WSPService.java:30)
	at com.fyp.wspapi.controller.WSPController.solve(WSPController.java:28)
	at java.base/jdk.internal.reflect.DirectMethodHandleAccessor.invoke(DirectMethodHandleAccessor.java:103)
	at java.base/java.lang.reflect.Method.invoke(Method.java:580)
	at org.springframework.web.method.support.InvocableHandlerMethod.doInvoke(InvocableHandlerMethod.java:254)
	at org.springframework.web.method.support.InvocableHandlerMethod.invokeForRequest(InvocableHandlerMethod.java:182)
	at org.springframework.web.servlet.mvc.method.annotation.ServletInvocableHandlerMethod.invokeAndHandle(ServletInvocableHandlerMethod.java:118)
	at org.springframework.web.servlet.mvc.method.annotation.RequestMappingHandlerAdapter.invokeHandlerMethod(RequestMappingHandlerAdapter.java:917)
	at org.springframework.web.servlet.mvc.method.annotation.RequestMappingHandlerAdapter.handleInternal(RequestMappingHandlerAdapter.java:829)
	at org.springframework.web.servlet.mvc.method.AbstractHandlerMethodAdapter.handle(AbstractHandlerMethodAdapter.java:87)
	at org.springframework.web.servlet.DispatcherServlet.doDispatch(DispatcherServlet.java:1089)
	... 26 more
]]></error>
    <system-out><![CDATA[19:21:54.512 [main] INFO org.springframework.boot.devtools.restart.RestartApplicationListener -- Restart disabled due to context in which it is running

  .   ____          _            __ _ _
 /\\ / ___'_ __ _ _(_)_ __  __ _ \ \ \ \
( ( )\___ | '_ | '_| | '_ \/ _` | \ \ \ \
 \\/  ___)| |_)| | | | | || (_| |  ) ) ) )
  '  |____| .__|_| |_|_| |_\__, | / / / /
 =========|_|==============|___/=/_/_/_/
 :: Spring Boot ::                (v3.2.0)

2025-08-04 19:21:54 - Starting WSPControllerIntegrationTest using Java 21.0.4 with PID 13570 (started by yassirmaknaoui in /Users/yassirmaknaoui/git/wsp-backtracker)
2025-08-04 19:21:54 - No active profile set, falling back to 1 default profile: "default"
2025-08-04 19:21:55 - Initializing Spring TestDispatcherServlet ''
2025-08-04 19:21:55 - Initializing Servlet ''
2025-08-04 19:21:55 - Completed initialization in 1 ms
2025-08-04 19:21:55 - Started WSPControllerIntegrationTest in 0.794 seconds (process running for 1.278)
]]></system-out>
    <system-err><![CDATA[WARNING: A Java agent has been loaded dynamically (/Users/yassirmaknaoui/.m2/repository/net/bytebuddy/byte-buddy-agent/1.14.10/byte-buddy-agent-1.14.10.jar)
WARNING: If a serviceability tool is in use, please run with -XX:+EnableDynamicAgentLoading to hide this warning
WARNING: If a serviceability tool is not in use, please run with -Djdk.instrument.traceUsage for more information
WARNING: Dynamic loading of agents will be disallowed by default in a future release
]]></system-err>
  </testcase>
  <testcase name="testSolveWSP_Backtracking_WithSolution" classname="com.fyp.wspapi.controller.WSPControllerIntegrationTest" time="0.037"/>
  <testcase name="testHealthEndpoint" classname="com.fyp.wspapi.controller.WSPControllerIntegrationTest" time="0.003"/>
  <testcase name="testSolveWSP_CSP_WithSolution" classname="com.fyp.wspapi.controller.WSPControllerIntegrationTest" time="0.759"/>
  <testcase name="testSolveWSP_PBT_WithSolution" classname="com.fyp.wspapi.controller.WSPControllerIntegrationTest" time="0.003"/>
  <testcase name="testSolveWSP_LargerProblem" classname="com.fyp.wspapi.controller.WSPControllerIntegrationTest" time="0.014">
    <failure message="JSON path &quot;$.solutionFound&quot; expected:&lt;true&gt; but was:&lt;false&gt;" type="java.lang.AssertionError"><![CDATA[java.lang.AssertionError: JSON path "$.solutionFound" expected:<true> but was:<false>
	at org.springframework.test.util.AssertionErrors.fail(AssertionErrors.java:59)
	at org.springframework.test.util.AssertionErrors.assertEquals(AssertionErrors.java:122)
	at org.springframework.test.util.JsonPathExpectationsHelper.assertValue(JsonPathExpectationsHelper.java:123)
	at org.springframework.test.web.servlet.result.JsonPathResultMatchers.lambda$value$2(JsonPathResultMatchers.java:111)
	at org.springframework.test.web.servlet.MockMvc$1.andExpect(MockMvc.java:214)
	at com.fyp.wspapi.controller.WSPControllerIntegrationTest.testSolveWSP_LargerProblem(WSPControllerIntegrationTest.java:171)
	at java.base/java.lang.reflect.Method.invoke(Method.java:580)
	at java.base/java.util.ArrayList.forEach(ArrayList.java:1596)
	at java.base/java.util.ArrayList.forEach(ArrayList.java:1596)
]]></failure>
    <system-out><![CDATA[
MockHttpServletRequest:
      HTTP Method = POST
      Request URI = /api/solve
       Parameters = {}
          Headers = [Content-Type:"application/json;charset=UTF-8", Content-Length:"364"]
             Body = {
  "numSteps" : 6,
  "numUsers" : 4,
  "authorized" : [ [ 1, 1, 0, 1 ], [ 1, 0, 1, 1 ], [ 0, 1, 1, 1 ], [ 1, 1, 1, 0 ], [ 1, 1, 0, 1 ], [ 0, 1, 1, 1 ] ],
  "mustSameConstraints" : [ {
    "step1" : 0,
    "step2" : 2
  } ],
  "mustDifferentConstraints" : [ {
    "step1" : 1,
    "step2" : 3
  }, {
    "step1" : 2,
    "step2" : 4
  } ],
  "solverType" : "SAT"
}
    Session Attrs = {}

Handler:
             Type = com.fyp.wspapi.controller.WSPController
           Method = com.fyp.wspapi.controller.WSPController#solve(WSPRequest)

Async:
    Async started = false
     Async result = null

Resolved Exception:
             Type = null

ModelAndView:
        View name = null
             View = null
            Model = null

FlashMap:
       Attributes = null

MockHttpServletResponse:
           Status = 200
    Error message = null
          Headers = [Content-Type:"application/json"]
     Content type = application/json
             Body = {
  "solutionFound" : false,
  "assignment" : null,
  "message" : "Error: Index 4 out of bounds for length 4",
  "solvingTimeMs" : 0,
  "solverUsed" : "NONE"
}
    Forwarded URL = null
   Redirected URL = null
          Cookies = []
]]></system-out>
  </testcase>
  <testcase name="testSolversEndpoint" classname="com.fyp.wspapi.controller.WSPControllerIntegrationTest" time="0.008"/>
  <testcase name="testSolveWSP_SAT_WithSolution" classname="com.fyp.wspapi.controller.WSPControllerIntegrationTest" time="0.006"/>
  <testcase name="testSolveWSP_InvalidRequest_MissingFields" classname="com.fyp.wspapi.controller.WSPControllerIntegrationTest" time="0.009">
    <system-out><![CDATA[2025-08-04 19:21:56 - Resolved [org.springframework.web.bind.MethodArgumentNotValidException: Validation failed for argument [0] in public org.springframework.http.ResponseEntity<com.fyp.wspapi.dto.WSPResponse> com.fyp.wspapi.controller.WSPController.solve(com.fyp.wspapi.dto.WSPRequest) with 4 errors: [Field error in object 'WSPRequest' on field 'authorized': rejected value [null]; codes [NotNull.WSPRequest.authorized,NotNull.authorized,NotNull.[[I,NotNull]; arguments [org.springframework.context.support.DefaultMessageSourceResolvable: codes [WSPRequest.authorized,authorized]; arguments []; default message [authorized]]; default message [must not be null]] [Field error in object 'WSPRequest' on field 'numUsers': rejected value [null]; codes [NotNull.WSPRequest.numUsers,NotNull.numUsers,NotNull.java.lang.Integer,NotNull]; arguments [org.springframework.context.support.DefaultMessageSourceResolvable: codes [WSPRequest.numUsers,numUsers]; arguments []; default message [numUsers]]; default message [must not be null]] [Field error in object 'WSPRequest' on field 'numSteps': rejected value [null]; codes [NotNull.WSPRequest.numSteps,NotNull.numSteps,NotNull.java.lang.Integer,NotNull]; arguments [org.springframework.context.support.DefaultMessageSourceResolvable: codes [WSPRequest.numSteps,numSteps]; arguments []; default message [numSteps]]; default message [must not be null]] [Field error in object 'WSPRequest' on field 'solverType': rejected value [null]; codes [NotNull.WSPRequest.solverType,NotNull.solverType,NotNull.java.lang.String,NotNull]; arguments [org.springframework.context.support.DefaultMessageSourceResolvable: codes [WSPRequest.solverType,solverType]; arguments []; default message [solverType]]; default message [must not be null]] ]
]]></system-out>
  </testcase>
  <testcase name="testSolveWSP_WithConstraints" classname="com.fyp.wspapi.controller.WSPControllerIntegrationTest" time="0.005"/>
  <testcase name="testSolveWSP_InvalidSolver" classname="com.fyp.wspapi.controller.WSPControllerIntegrationTest" time="0.004"/>
</testsuite>